<?xml version="1.0" encoding="UTF-8"?>
<testsuite name="tests.Login" tests="1" skipped="0" failures="0" errors="0" timestamp="2023-01-09T17:48:25" hostname="LAPTOP" time="10.954">
  <properties/>
  <testcase name="login1" classname="tests.Login" time="10.954"/>
  <system-out><![CDATA[]]></system-out>
  <system-err><![CDATA[]]></system-err>
</testsuite>
